{
  "RSpec": {
    "coverage": {
      "/Users/timjones/Pairing_Tech_Tests/Tesco/spec/hello_spec.rb": [
        1,
        null,
        1,
        null,
        3,
        null,
        1,
        1,
        null,
        null,
        1,
        1,
        null,
        null,
        null
      ],
      "/Users/timjones/Pairing_Tech_Tests/Tesco/lib/hello.rb": [
        1,
        1,
        null,
        1,
        null,
        1,
        1,
        null,
        null,
        1,
        1,
        1,
        1,
        1,
        null,
        null,
        null
      ]
    },
    "timestamp": 1513761982
  }
}
